FIG
--NECTARINE
----CHERRY
------APPLE
------BANANA
------CHERRY
------DURIAN
------LEMON
------QUINCES
------RADISH
------SESAME
------VOAVANGA
----HONEYDEW
------CHERRY
------DURIAN
------GRAPH
------HONEYDEW
------IRISH
------KIWI
------NECTARINE
------WATERMELON
----IRISH
------NECTARINE
----LEMON
------APPLE
------CHERRY
------MELON
------ORANGE
------SESAME
------YAM
----QUINCES
------APPLE
----TANGERINE
------CHERRY
------HONEYDEW
------LEMON
------PINENUT
------QUINCES
----WATERMELON
------BANANA
------DURIAN
------HONEYDEW
------IRISH
------QUINCES
------RADISH
------VOAVANGA
------WATERMELON
------YAM
HONEYDEW
--CHERRY
----CHERRY
------FIG
------GRAPH
------RADISH
----HONEYDEW
------APPLE
------DURIAN
------HONEYDEW
------LEMON
------NECTARINE
------TANGERINE
------VOAVANGA
------WATERMELON
------YAM
----KIWI
------DURIAN
------GRAPH
------NECTARINE
------ORANGE
------PINENUT
------SESAME
------VOAVANGA
----NECTARINE
------GRAPH
----TANGERINE
------APPLE
------IRISH
------UGLI
------ZUCCHINI
----UGLI
------HONEYDEW
------ORANGE
------PINENUT
------QUINCES
------RADISH
------SESAME
------WATERMELON
--DURIAN
----ORANGE
------DURIAN
------GRAPH
------KIWI
------LEMON
------NECTARINE
------ORANGE
------QUINCES
------VOAVANGA
------WATERMELON
----TANGERINE
------ELDERBERRY
------GRAPH
------KIWI
------UGLI
--FIG
----DURIAN
------DURIAN
------GRAPH
------KIWI
------LEMON
------RADISH
------SESAME
------TANGERINE
------VOAVANGA
------YAM
------ZUCCHINI
----ELDERBERRY
------CHERRY
------DURIAN
------FIG
------HONEYDEW
------MELON
------PINENUT
------QUINCES
------WATERMELON
------ZUCCHINI
----GRAPH
------FIG
------ORANGE
----UGLI
------BANANA
------ELDERBERRY
------FIG
------GRAPH
------HONEYDEW
------KIWI
------MELON
------QUINCES
------RADISH
------WATERMELON
----WATERMELON
------IRISH
--TANGERINE
----BANANA
------HONEYDEW
------LEMON
------RADISH
----CHERRY
------BANANA
------DURIAN
------FIG
------LEMON
------TANGERINE
----DURIAN
------HONEYDEW
------NECTARINE
------PINENUT
------UGLI
----GRAPH
------DURIAN
------ELDERBERRY
------IRISH
------LEMON
------NECTARINE
------VOAVANGA
------WATERMELON
------YAM
----KIWI
------ELDERBERRY
----MELON
------DURIAN
------ELDERBERRY
------MELON
------NECTARINE
------ORANGE
------QUINCES
------RADISH
------SESAME
----RADISH
------DURIAN
------FIG
------HONEYDEW
------LEMON
------QUINCES
------SESAME
------VOAVANGA
------WATERMELON
----TANGERINE
------IRISH
------PINENUT
------VOAVANGA
----VOAVANGA
------BANANA
------DURIAN
------LEMON
------ORANGE
------RADISH
----WATERMELON
------APPLE
------CHERRY
------PINENUT
------SESAME
--UGLI
----CHERRY
------DURIAN
------GRAPH
------HONEYDEW
------KIWI
------LEMON
------MELON
------PINENUT
------QUINCES
------WATERMELON
----ELDERBERRY
------APPLE
------DURIAN
------GRAPH
------KIWI
------PINENUT
------QUINCES
------YAM
----GRAPH
------CHERRY
------GRAPH
------HONEYDEW
------IRISH
------NECTARINE
------SESAME
------TANGERINE
------ZUCCHINI
----PINENUT
------APPLE
------ORANGE
----YAM
------DURIAN
------NECTARINE
------ORANGE
------QUINCES
LEMON
--BANANA
----BANANA
------DURIAN
------ELDERBERRY
------NECTARINE
------TANGERINE
------UGLI
------VOAVANGA
------ZUCCHINI
----CHERRY
------DURIAN
------HONEYDEW
------QUINCES
----LEMON
------ELDERBERRY
------GRAPH
------HONEYDEW
------QUINCES
------WATERMELON
------YAM
----NECTARINE
------APPLE
------HONEYDEW
------KIWI
------QUINCES
------WATERMELON
----RADISH
------CHERRY
----TANGERINE
------APPLE
------HONEYDEW
------MELON
------RADISH
------VOAVANGA
------ZUCCHINI
----UGLI
------DURIAN
------FIG
------HONEYDEW
------LEMON
------NECTARINE
------QUINCES
------RADISH
------TANGERINE
------VOAVANGA
------WATERMELON
--HONEYDEW
----DURIAN
------APPLE
------LEMON
------NECTARINE
------RADISH
------SESAME
------TANGERINE
------VOAVANGA
------WATERMELON
----GRAPH
------DURIAN
------ELDERBERRY
------IRISH
------KIWI
------LEMON
------NECTARINE
------ORANGE
------RADISH
------SESAME
------ZUCCHINI
----IRISH
------BANANA
------DURIAN
------ELDERBERRY
------HONEYDEW
------ORANGE
------QUINCES
------RADISH
------UGLI
------ZUCCHINI
----ORANGE
------APPLE
------NECTARINE
------ORANGE
------PINENUT
------TANGERINE
------YAM
----SESAME
------BANANA
------CHERRY
------KIWI
------NECTARINE
------PINENUT
------TANGERINE
------VOAVANGA
----UGLI
------BANANA
------CHERRY
------DURIAN
------FIG
------HONEYDEW
------KIWI
------NECTARINE
------VOAVANGA
------WATERMELON
------ZUCCHINI
----VOAVANGA
------CHERRY
------DURIAN
------HONEYDEW
------PINENUT
------RADISH
------TANGERINE
------WATERMELON
------YAM
------ZUCCHINI
----ZUCCHINI
------BANANA
------CHERRY
------GRAPH
------HONEYDEW
------LEMON
------PINENUT
--IRISH
----KIWI
------CHERRY
------RADISH
------SESAME
------UGLI
------WATERMELON
----PINENUT
------APPLE
------ELDERBERRY
------GRAPH
------HONEYDEW
------IRISH
------MELON
------NECTARINE
------PINENUT
------RADISH
------UGLI
----RADISH
------CHERRY
------PINENUT
------SESAME
------TANGERINE
------WATERMELON
----YAM
------APPLE
------DURIAN
------ELDERBERRY
------SESAME
--KIWI
----APPLE
------IRISH
------KIWI
------LEMON
------RADISH
------WATERMELON
----ELDERBERRY
------ELDERBERRY
----NECTARINE
------WATERMELON
----PINENUT
------RADISH
----QUINCES
------IRISH
------TANGERINE
----TANGERINE
------ELDERBERRY
------KIWI
------ORANGE
------QUINCES
------TANGERINE
------VOAVANGA
------WATERMELON
----UGLI
------APPLE
------DURIAN
------ELDERBERRY
------HONEYDEW
------LEMON
------MELON
------PINENUT
----YAM
------FIG
------NECTARINE
--NECTARINE
----DURIAN
------APPLE
------DURIAN
------NECTARINE
------RADISH
------SESAME
------UGLI
------VOAVANGA
------ZUCCHINI
----FIG
------BANANA
------RADISH
----GRAPH
------IRISH
------UGLI
------VOAVANGA
----KIWI
------IRISH
----QUINCES
------CHERRY
------DURIAN
------GRAPH
------HONEYDEW
------MELON
------PINENUT
------RADISH
------SESAME
------UGLI
------YAM
----VOAVANGA
------CHERRY
----YAM
------FIG
------RADISH
------YAM
--TANGERINE
----ELDERBERRY
------DURIAN
------LEMON
------SESAME
------YAM
----FIG
------CHERRY
------FIG
------HONEYDEW
------MELON
------RADISH
------TANGERINE
------UGLI
------YAM
------ZUCCHINI
----KIWI
------BANANA
------QUINCES
------WATERMELON
----LEMON
------FIG
------KIWI
------ORANGE
------RADISH
------VOAVANGA
------WATERMELON
------YAM
----MELON
------APPLE
------CHERRY
------NECTARINE
------ZUCCHINI
----UGLI
------NECTARINE
------QUINCES
------VOAVANGA
----WATERMELON
------QUINCES
--WATERMELON
----APPLE
------CHERRY
------FIG
------RADISH
------TANGERINE
------UGLI
------VOAVANGA
------WATERMELON
------YAM
----CHERRY
------HONEYDEW
------TANGERINE
----GRAPH
------FIG
------KIWI
------PINENUT
----ORANGE
------BANANA
------CHERRY
------DURIAN
------ELDERBERRY
------IRISH
------QUINCES
------ZUCCHINI
----PINENUT
------ORANGE
------QUINCES
------YAM
----QUINCES
------QUINCES
----TANGERINE
------ELDERBERRY
------NECTARINE
------WATERMELON
----ZUCCHINI
------DURIAN
------ELDERBERRY
------MELON
------ORANGE
------PINENUT
------SESAME
NECTARINE
--APPLE
----APPLE
------BANANA
------CHERRY
------ELDERBERRY
----BANANA
------HONEYDEW
------LEMON
----ELDERBERRY
------FIG
------IRISH
------ORANGE
------QUINCES
------SESAME
------UGLI
----IRISH
------APPLE
------DURIAN
------FIG
------GRAPH
------LEMON
------NECTARINE
------ORANGE
------PINENUT
------QUINCES
------ZUCCHINI
----MELON
------CHERRY
------FIG
------HONEYDEW
------ORANGE
------QUINCES
------SESAME
------UGLI
------YAM
----VOAVANGA
------DURIAN
------IRISH
------KIWI
------PINENUT
------TANGERINE
------UGLI
--GRAPH
----CHERRY
------HONEYDEW
------KIWI
------MELON
------ORANGE
------VOAVANGA
------YAM
----LEMON
------BANANA
------CHERRY
------LEMON
------NECTARINE
------PINENUT
------TANGERINE
------WATERMELON
------YAM
----ORANGE
------BANANA
------FIG
------HONEYDEW
------IRISH
------KIWI
------QUINCES
------RADISH
------SESAME
------TANGERINE
------UGLI
----PINENUT
------CHERRY
------DURIAN
------FIG
------GRAPH
------HONEYDEW
----SESAME
------APPLE
------GRAPH
------HONEYDEW
------IRISH
------MELON
------NECTARINE
------RADISH
------SESAME
------TANGERINE
------VOAVANGA
----TANGERINE
------APPLE
------CHERRY
------GRAPH
------IRISH
------NECTARINE
------ORANGE
------VOAVANGA
------YAM
----UGLI
------APPLE
------MELON
------VOAVANGA
--ORANGE
----TANGERINE
------DURIAN
------ELDERBERRY
------LEMON
------NECTARINE
------QUINCES
------SESAME
------WATERMELON
----UGLI
------CHERRY
------HONEYDEW
------MELON
------NECTARINE
------SESAME
----ZUCCHINI
------BANANA
------IRISH
------SESAME
------UGLI
--RADISH
----APPLE
------BANANA
------IRISH
------TANGERINE
----DURIAN
------BANANA
------FIG
------KIWI
------LEMON
------NECTARINE
------ORANGE
------YAM
----KIWI
------KIWI
----NECTARINE
------ELDERBERRY
------GRAPH
------PINENUT
------WATERMELON
----PINENUT
------ORANGE
------RADISH
----SESAME
------APPLE
------DURIAN
------QUINCES
----TANGERINE
------MELON
----WATERMELON
------FIG
------GRAPH
------KIWI
------PINENUT
------RADISH
------VOAVANGA
------WATERMELON
------ZUCCHINI
----YAM
------BANANA
------CHERRY
------GRAPH
------IRISH
------LEMON
------MELON
------NECTARINE
------ORANGE
------SESAME
------UGLI
----ZUCCHINI
------IRISH
------RADISH
--UGLI
----DURIAN
------CHERRY
------DURIAN
------GRAPH
------HONEYDEW
------IRISH
------LEMON
------ORANGE
------PINENUT
------VOAVANGA
----FIG
------DURIAN
------HONEYDEW
------LEMON
------MELON
------TANGERINE
------UGLI
----PINENUT
------APPLE
------BANANA
------CHERRY
------GRAPH
------LEMON
------ORANGE
------QUINCES
------SESAME
------WATERMELON
------YAM
----SESAME
------KIWI
------LEMON
------MELON
------QUINCES
------SESAME
------VOAVANGA
--VOAVANGA
----APPLE
------ELDERBERRY
------LEMON
------NECTARINE
------ORANGE
------PINENUT
------QUINCES
------YAM
----BANANA
------DURIAN
------ELDERBERRY
------FIG
------HONEYDEW
------SESAME
------TANGERINE
------UGLI
------VOAVANGA
------YAM
------ZUCCHINI
----CHERRY
------DURIAN
------ELDERBERRY
------FIG
------HONEYDEW
------PINENUT
------QUINCES
------RADISH
------ZUCCHINI
----DURIAN
------MELON
------NECTARINE
------ORANGE
------SESAME
------UGLI
------VOAVANGA
----GRAPH
------CHERRY
------GRAPH
------PINENUT
------QUINCES
------YAM
------ZUCCHINI
----IRISH
------APPLE
------ELDERBERRY
------HONEYDEW
------QUINCES
------TANGERINE
------WATERMELON
----MELON
------LEMON
------WATERMELON
------ZUCCHINI
----PINENUT
------DURIAN
------GRAPH
------IRISH
------LEMON
------MELON
------ORANGE
------YAM
----RADISH
------CHERRY
------FIG
------GRAPH
------IRISH
------KIWI
------NECTARINE
------QUINCES
------RADISH
------UGLI
------VOAVANGA
----VOAVANGA
------WATERMELON
TANGERINE
--APPLE
----APPLE
------NECTARINE
------VOAVANGA
------YAM
----DURIAN
------DURIAN
------HONEYDEW
------PINENUT
------SESAME
------WATERMELON
----HONEYDEW
------APPLE
------ELDERBERRY
------LEMON
------MELON
------SESAME
------VOAVANGA
------YAM
----KIWI
------FIG
------QUINCES
------TANGERINE
------UGLI
------YAM
--FIG
----TANGERINE
------CHERRY
------ELDERBERRY
------GRAPH
------LEMON
------TANGERINE
------WATERMELON
----YAM
------CHERRY
------DURIAN
------TANGERINE
------UGLI
--GRAPH
----APPLE
------APPLE
------CHERRY
------IRISH
------LEMON
------ORANGE
------TANGERINE
----KIWI
------BANANA
------DURIAN
------ELDERBERRY
------FIG
------GRAPH
------TANGERINE
------ZUCCHINI
----UGLI
------ELDERBERRY
------HONEYDEW
------SESAME
------UGLI
--MELON
----BANANA
------BANANA
------GRAPH
------MELON
------QUINCES
------VOAVANGA
------WATERMELON
------YAM
----CHERRY
------BANANA
------CHERRY
------PINENUT
------QUINCES
----LEMON
------GRAPH
------PINENUT
------RADISH
------WATERMELON
----MELON
------FIG
------IRISH
------KIWI
------MELON
------NECTARINE
------PINENUT
------SESAME
------YAM
----QUINCES
------CHERRY
------ORANGE
------PINENUT
------QUINCES
------RADISH
------SESAME
------YAM
----VOAVANGA
------APPLE
------BANANA
------GRAPH
------QUINCES
------UGLI
------VOAVANGA
--NECTARINE
----DURIAN
------DURIAN
------FIG
------HONEYDEW
------IRISH
------LEMON
------MELON
------NECTARINE
------SESAME
------YAM
----HONEYDEW
------APPLE
------BANANA
------FIG
------GRAPH
------KIWI
------LEMON
------RADISH
------SESAME
------TANGERINE
------UGLI
----NECTARINE
------GRAPH
------KIWI
------NECTARINE
------QUINCES
----PINENUT
------IRISH
------LEMON
------PINENUT
------SESAME
------UGLI
------VOAVANGA
------ZUCCHINI
----SESAME
------CHERRY
------DURIAN
------ELDERBERRY
------FIG
------HONEYDEW
------NECTARINE
------ORANGE
------RADISH
--ORANGE
----GRAPH
------CHERRY
------FIG
------HONEYDEW
------IRISH
------LEMON
------VOAVANGA
------YAM
----HONEYDEW
------CHERRY
------FIG
------HONEYDEW
------MELON
------QUINCES
------WATERMELON
------YAM
----RADISH
------APPLE
------DURIAN
------FIG
------LEMON
------NECTARINE
------PINENUT
------UGLI
------ZUCCHINI
----TANGERINE
------APPLE
------YAM
----UGLI
------APPLE
------KIWI
------QUINCES
------RADISH
------SESAME
------TANGERINE
------WATERMELON
------ZUCCHINI
----ZUCCHINI
------BANANA
------CHERRY
------DURIAN
------GRAPH
------IRISH
------TANGERINE
------VOAVANGA
--SESAME
----CHERRY
------BANANA
------CHERRY
------FIG
------HONEYDEW
------MELON
------NECTARINE
----DURIAN
------YAM
----ELDERBERRY
------BANANA
------FIG
------GRAPH
------IRISH
------MELON
------ORANGE
------QUINCES
------RADISH
------SESAME
------UGLI
----FIG
------BANANA
------ELDERBERRY
------FIG
------PINENUT
----GRAPH
------CHERRY
------ELDERBERRY
------FIG
------HONEYDEW
------KIWI
------QUINCES
------RADISH
------ZUCCHINI
----KIWI
------GRAPH
------KIWI
------TANGERINE
------VOAVANGA
------YAM
----QUINCES
------APPLE
------UGLI
------WATERMELON
----TANGERINE
------BANANA
------ELDERBERRY
------HONEYDEW
------KIWI
------MELON
------NECTARINE
------RADISH
------VOAVANGA
----WATERMELON
------KIWI
----ZUCCHINI
------CHERRY
------HONEYDEW
------LEMON
------WATERMELON
------ZUCCHINI