VOAVANGA
--APPLE
----DURIAN
------LEMON
--------APPLE
--------RADISH
--------YAM
--------ZUCCHINI
WATERMELON
--CHERRY
----ORANGE
------DURIAN
--------GRAPH
------VOAVANGA
--------VOAVANGA
--DURIAN
----DURIAN
------ORANGE
--------IRISH
--------KIWI
----RADISH
------RADISH
--------HONEYDEW
--------ZUCCHINI
------WATERMELON
--------CHERRY
------ZUCCHINI
--------LEMON
--------WATERMELON
----WATERMELON
------ELDERBERRY
--------HONEYDEW
----YAM
------DURIAN
--------APPLE
--------QUINCES
--------RADISH
------HONEYDEW
--------KIWI
--------UGLI
--------WATERMELON
------TANGERINE
--------SESAME
--SESAME
----FIG
------FIG
--------PINENUT
--------TANGERINE
--------UGLI
------HONEYDEW
--------GRAPH
------TANGERINE
--------KIWI
----TANGERINE
------IRISH
--------MELON
--------PINENUT
------TANGERINE
--------QUINCES
--------VOAVANGA
--------YAM
--------ZUCCHINI
------VOAVANGA
--------TANGERINE
--------ZUCCHINI
--TANGERINE
----IRISH
------DURIAN
--------HONEYDEW
--------TANGERINE
------LEMON
--------BANANA
--------ELDERBERRY
--------KIWI
ZUCCHINI
--QUINCES
----APPLE
------ORANGE
--------CHERRY
--------MELON
--------PINENUT
--------TANGERINE
------QUINCES
--------APPLE
--------QUINCES
----DURIAN
------SESAME
--------ELDERBERRY
--------FIG
------WATERMELON
--------ORANGE
--------RADISH
--------UGLI
----GRAPH
------IRISH
--------FIG
--------KIWI
--------VOAVANGA
------KIWI
--------MELON
--------UGLI
--------WATERMELON
--------ZUCCHINI
------WATERMELON
--------HONEYDEW
--------PINENUT
------YAM
--------IRISH
--------KIWI
--------TANGERINE
----YAM
------APPLE
--------UGLI
--------VOAVANGA
--------WATERMELON
------GRAPH
--------ORANGE
--------TANGERINE
--------UGLI
------IRISH
--------CHERRY
--------KIWI
------SESAME
--------HONEYDEW
--------VOAVANGA
--VOAVANGA
----IRISH
------IRISH
--------VOAVANGA
------KIWI
--------ORANGE
--------PINENUT
------TANGERINE
--------APPLE
--------ELDERBERRY
--------UGLI
--------WATERMELON
----MELON
------APPLE
--------APPLE
--------FIG
--------PINENUT
--------SESAME
------NECTARINE
--------KIWI
--------QUINCES
------WATERMELON
--------CHERRY
--------IRISH
--------QUINCES
--------SESAME
----VOAVANGA
------ELDERBERRY
--------DURIAN
--------ELDERBERRY
--------ORANGE
--------QUINCES
------UGLI
--------LEMON