ZUCCHINI
--CHERRY
----MELON
------YAM
--------DURIAN
----------CHERRY
------------HONEYDEW
--------------CHERRY
----------------BANANA
------------------IRISH
------------------KIWI
------------------WATERMELON
----------------HONEYDEW
------------------KIWI
------------------QUINCES
----------------ORANGE
------------------MELON
------------------ZUCCHINI
--------------WATERMELON
----------------HONEYDEW
------------------HONEYDEW
------------------ORANGE
------------------YAM
----------------WATERMELON
------------------VOAVANGA
------------QUINCES
--------------LEMON
----------------DURIAN
------------------APPLE
------------------DURIAN
------------------GRAPH
------------YAM
--------------KIWI
----------------BANANA
------------------APPLE
------------------BANANA
------------------NECTARINE
----------------GRAPH
------------------ORANGE
------------------TANGERINE
----------------IRISH
------------------FIG
------------------VOAVANGA
------------------YAM
----------TANGERINE
------------LEMON
--------------HONEYDEW
----------------HONEYDEW
------------------APPLE
--------------MELON
----------------PINENUT
------------------PINENUT
----------------QUINCES
------------------ELDERBERRY
------------------SESAME
------------------TANGERINE
----------------ZUCCHINI
------------------APPLE
------------------TANGERINE
------------QUINCES
--------------CHERRY
----------------CHERRY
------------------TANGERINE
------------------ZUCCHINI
----------------IRISH
------------------QUINCES
------------------SESAME
----------------LEMON
------------------NECTARINE
------------------VOAVANGA
----------UGLI
------------KIWI
--------------NECTARINE
----------------RADISH
------------------HONEYDEW
------------------YAM
--------------TANGERINE
----------------QUINCES
------------------MELON
------------------UGLI
------------------YAM
--------IRISH
----------LEMON
------------VOAVANGA
--------------WATERMELON
----------------LEMON
------------------ELDERBERRY
------------------HONEYDEW
------------------RADISH
----------------NECTARINE
------------------LEMON
----------------WATERMELON
------------------IRISH
----------NECTARINE
------------BANANA
--------------PINENUT
----------------RADISH
------------------LEMON
------------------PINENUT
------------------YAM
------------TANGERINE
--------------NECTARINE
----------------APPLE
------------------GRAPH
----------------BANANA
------------------UGLI
--------------QUINCES
----------------NECTARINE
------------------GRAPH
------------------YAM
----------------ORANGE
------------------CHERRY
------------------NECTARINE
------------------VOAVANGA
--------------UGLI
----------------APPLE
------------------MELON
----------------WATERMELON
------------------QUINCES
----------ZUCCHINI
------------LEMON
--------------DURIAN
----------------VOAVANGA
------------------MELON
----------------WATERMELON
------------------PINENUT
------------------YAM
--------------ELDERBERRY
----------------ZUCCHINI
------------------IRISH
------------------UGLI
--------------LEMON
----------------CHERRY
------------------IRISH
------------------ORANGE
------------------ZUCCHINI
----------------PINENUT
------------------RADISH
------------------TANGERINE
--------LEMON
----------IRISH
------------IRISH
--------------GRAPH
----------------WATERMELON
------------------CHERRY
------------------WATERMELON
--------------QUINCES
----------------CHERRY
------------------WATERMELON
----------------NECTARINE
------------------BANANA
----------------QUINCES
------------------FIG
------------------LEMON
--------------RADISH
----------------IRISH
------------------WATERMELON
------------KIWI
--------------IRISH
----------------FIG
------------------FIG
------------------YAM
----------------ZUCCHINI
------------------APPLE
------------------ORANGE
--------------WATERMELON
----------------RADISH
------------------NECTARINE
------------ORANGE
--------------LEMON
----------------GRAPH
------------------APPLE
------------------TANGERINE
----------------IRISH
------------------KIWI
----------------PINENUT
------------------ELDERBERRY
------------------GRAPH
------------------YAM
----------KIWI
------------HONEYDEW
--------------NECTARINE
----------------TANGERINE
------------------LEMON
----------------VOAVANGA
------------------QUINCES
------------------SESAME
------------------VOAVANGA
--------------ZUCCHINI
----------------SESAME
------------------APPLE
------------------ORANGE
------------------WATERMELON
------------SESAME
--------------HONEYDEW
----------------KIWI
------------------DURIAN
----------------UGLI
------------------APPLE
------------------VOAVANGA
------------------WATERMELON
--------------ZUCCHINI
----------------UGLI
------------------DURIAN
------------------MELON
------------------NECTARINE
------------UGLI
--------------IRISH
----------------APPLE
------------------KIWI
------------------YAM
----------------ELDERBERRY
------------------TANGERINE
----------------HONEYDEW
------------------PINENUT
------------------WATERMELON
--------------SESAME
----------------GRAPH
------------------BANANA
----------------WATERMELON
------------------QUINCES
--LEMON
----ELDERBERRY
------TANGERINE
--------NECTARINE
----------ELDERBERRY
------------TANGERINE
--------------APPLE
----------------HONEYDEW
------------------UGLI
----------------VOAVANGA
------------------TANGERINE
------------YAM
--------------APPLE
----------------LEMON
------------------QUINCES
------------------RADISH
----------------RADISH
------------------RADISH
------------------VOAVANGA
----------------UGLI
------------------IRISH
--------------GRAPH
----------------QUINCES
------------------DURIAN
----------------ZUCCHINI
------------------NECTARINE
------------------RADISH
------------------UGLI
--------------RADISH
----------------APPLE
------------------APPLE
----------------PINENUT
------------------TANGERINE
------------------UGLI
----------------RADISH
------------------SESAME
----------MELON
------------IRISH
--------------IRISH
----------------NECTARINE
------------------APPLE
------------------GRAPH
----------------ORANGE
------------------MELON
--------------KIWI
----------------IRISH
------------------BANANA
------------------DURIAN
------------------ELDERBERRY
----------------KIWI
------------------APPLE
------------------GRAPH
--------------ZUCCHINI
----------------BANANA
------------------IRISH
------------------TANGERINE
----------------ELDERBERRY
------------------ELDERBERRY
------------------PINENUT
------------------SESAME
------------ZUCCHINI
--------------ELDERBERRY
----------------APPLE
------------------TANGERINE
------------------WATERMELON
----------------ORANGE
------------------SESAME
------------------VOAVANGA
----------PINENUT
------------WATERMELON
--------------UGLI
----------------MELON
------------------MELON
------------------VOAVANGA
--------ZUCCHINI
----------APPLE
------------APPLE
--------------LEMON
----------------LEMON
------------------QUINCES
------------------WATERMELON
------------DURIAN
--------------NECTARINE
----------------ELDERBERRY
------------------DURIAN
------------------RADISH
------------------SESAME
----------------GRAPH
------------------FIG
----------------VOAVANGA
------------------CHERRY
------------PINENUT
--------------MELON
----------------DURIAN
------------------HONEYDEW
------------------ORANGE
------------------UGLI
--------------RADISH
----------------WATERMELON
------------------GRAPH
----------CHERRY
------------LEMON
--------------UGLI
----------------RADISH
------------------IRISH
------------------QUINCES
------------------UGLI
----------------SESAME
------------------ZUCCHINI
----------------ZUCCHINI
------------------PINENUT
------------------VOAVANGA
--------------YAM
----------------ZUCCHINI
------------------MELON
------------------ORANGE
--------------ZUCCHINI
----------------CHERRY
------------------BANANA
----------------IRISH
------------------APPLE
------------------MELON
------------------QUINCES
----------------NECTARINE
------------------APPLE
------------------MELON
------------------ZUCCHINI
------------QUINCES
--------------WATERMELON
----------------NECTARINE
------------------MELON
------------------ZUCCHINI
------------VOAVANGA
--------------ELDERBERRY
----------------RADISH
------------------CHERRY
------------------NECTARINE
------------------UGLI
--------------PINENUT
----------------UGLI
------------------KIWI
------------------PINENUT
------------------VOAVANGA
--------------TANGERINE
----------------BANANA
------------------APPLE
------------------BANANA
------------------MELON
----------------PINENUT
------------------GRAPH
------------------HONEYDEW
----IRISH
------KIWI
--------WATERMELON
----------BANANA
------------QUINCES
--------------BANANA
----------------BANANA
------------------ELDERBERRY
------------------IRISH
------------------ZUCCHINI
----------------RADISH
------------------FIG
------------------TANGERINE
------------------WATERMELON
--------------PINENUT
----------------APPLE
------------------ORANGE
------------RADISH
--------------DURIAN
----------------FIG
------------------KIWI
----------------LEMON
------------------CHERRY
----------------MELON
------------------DURIAN
------------------LEMON
------------------VOAVANGA
------------TANGERINE
--------------FIG
----------------SESAME
------------------WATERMELON