GRAPH
--MELON
----APPLE
----DURIAN
----LEMON
----MELON
----NECTARINE
----SESAME
----VOAVANGA
ORANGE
--MELON
----LEMON
--SESAME
----GRAPH
----LEMON
----NECTARINE
----ORANGE
----RADISH
----TANGERINE
----VOAVANGA
----ZUCCHINI
--TANGERINE
----ELDERBERRY
----FIG
----GRAPH
----HONEYDEW
----IRISH
----QUINCES
----SESAME
----UGLI
----WATERMELON
VOAVANGA
--BANANA
----APPLE
----IRISH
----LEMON
----MELON
----NECTARINE
----ORANGE
----RADISH
----SESAME
----UGLI
----VOAVANGA
--CHERRY
----HONEYDEW
----TANGERINE
----VOAVANGA
--HONEYDEW
----APPLE
----BANANA
----FIG
----GRAPH
----KIWI
----LEMON
----ORANGE
----UGLI
----ZUCCHINI
--KIWI
----LEMON
----ORANGE
--LEMON
----APPLE
----BANANA
----ELDERBERRY
----FIG
----IRISH
----KIWI
----PINENUT
----WATERMELON
--MELON
----APPLE
----CHERRY
----MELON
----VOAVANGA
----WATERMELON
--NECTARINE
----CHERRY
----DURIAN
----IRISH
----NECTARINE
----ORANGE
----PINENUT
----QUINCES
----SESAME
----VOAVANGA
--SESAME
----APPLE
----HONEYDEW
----KIWI
----LEMON
----ORANGE
----QUINCES
----VOAVANGA
----WATERMELON
----YAM
--TANGERINE
----CHERRY
----GRAPH
----IRISH
----QUINCES
----RADISH
----SESAME
----TANGERINE
----VOAVANGA
----WATERMELON
----YAM
--VOAVANGA
----PINENUT
ZUCCHINI
--DURIAN
----APPLE
----GRAPH
----MELON
----ZUCCHINI
--FIG
----BANANA
----ELDERBERRY
----FIG
----KIWI
----NECTARINE
----TANGERINE
----VOAVANGA
----ZUCCHINI
--GRAPH
----APPLE
----ELDERBERRY
----FIG
----HONEYDEW
----LEMON
----NECTARINE
----RADISH
----SESAME
----TANGERINE
----UGLI
--KIWI
----BANANA
----ELDERBERRY
----KIWI
----QUINCES
----RADISH
----SESAME
----WATERMELON
----ZUCCHINI
--MELON
----APPLE
----BANANA
----ELDERBERRY
----IRISH
----KIWI
----LEMON
----QUINCES
----TANGERINE
----VOAVANGA
--NECTARINE
----APPLE
----BANANA
----RADISH
----UGLI
----VOAVANGA
--TANGERINE
----FIG
----GRAPH
----LEMON
--YAM
----CHERRY
----FIG
----LEMON