IRISH
--NECTARINE
----LEMON
------CHERRY
--------APPLE
----------APPLE
------------QUINCES
--------------GRAPH
----------------GRAPH
------------------CHERRY
------------------RADISH
------------------ZUCCHINI
----------------IRISH
------------------HONEYDEW
------------------PINENUT
------------------SESAME
----------------TANGERINE
------------------NECTARINE
------------------QUINCES
--------------ORANGE
----------------RADISH
------------------NECTARINE
------------RADISH
--------------BANANA
----------------CHERRY
------------------KIWI
------------------ZUCCHINI
----------------IRISH
------------------APPLE
--------------GRAPH
----------------APPLE
------------------MELON
------------------SESAME
------------------YAM
--------HONEYDEW
----------BANANA
------------PINENUT
--------------VOAVANGA
----------------ELDERBERRY
------------------FIG
------------------HONEYDEW
----------------SESAME
------------------NECTARINE
--------------YAM
----------------LEMON
------------------HONEYDEW
------------------VOAVANGA
----------------ORANGE
------------------DURIAN
------------------ORANGE
------------YAM
--------------PINENUT
----------------HONEYDEW
------------------TANGERINE
----------GRAPH
------------TANGERINE
--------------PINENUT
----------------DURIAN
------------------IRISH
----------------ORANGE
------------------CHERRY
------------------QUINCES
--------------SESAME
----------------YAM
------------------MELON
--------------ZUCCHINI
----------------DURIAN
------------------ELDERBERRY
------------------WATERMELON
------------------ZUCCHINI
----------------ORANGE
------------------ELDERBERRY
------------------RADISH
----------------TANGERINE
------------------APPLE
------------------NECTARINE
------------------YAM
------------YAM
--------------MELON
----------------ELDERBERRY
------------------IRISH
------------------NECTARINE
----------------QUINCES
------------------ZUCCHINI
----------------WATERMELON
------------------KIWI
------------------MELON
------------------RADISH
------TANGERINE
--------DURIAN
----------TANGERINE
------------APPLE
--------------RADISH
----------------QUINCES
------------------YAM
----------------SESAME
------------------GRAPH
----------------UGLI
------------------PINENUT
------------------VOAVANGA
--------------WATERMELON
----------------FIG
------------------TANGERINE
----------------KIWI
------------------LEMON
----------------TANGERINE
------------------ORANGE
------------------UGLI
------------------VOAVANGA
------------NECTARINE
--------------CHERRY
----------------IRISH
------------------SESAME
----------------UGLI
------------------CHERRY
------------------TANGERINE
------------------YAM
----------------YAM
------------------QUINCES
------------------WATERMELON
------------QUINCES
--------------ELDERBERRY
----------------APPLE
------------------CHERRY
------------------DURIAN
----------------GRAPH
------------------QUINCES
----------------NECTARINE
------------------GRAPH
------------------LEMON
------------------UGLI
--------------KIWI
----------------FIG
------------------HONEYDEW
--------KIWI
----------FIG
------------TANGERINE
--------------FIG
----------------NECTARINE
------------------TANGERINE
----------------PINENUT
------------------ELDERBERRY
------------------RADISH
------------------ZUCCHINI
----------GRAPH
------------IRISH
--------------HONEYDEW
----------------GRAPH
------------------LEMON
------------------SESAME
----------------RADISH
------------------BANANA
------------------IRISH
------------------VOAVANGA
--------------QUINCES
----------------LEMON
------------------DURIAN
------------------TANGERINE
------------------WATERMELON
----------------UGLI
------------------LEMON
--------------VOAVANGA
----------------ELDERBERRY
------------------CHERRY
------------------ORANGE
------------------TANGERINE
----------------HONEYDEW
------------------QUINCES
------------------SESAME
----------------MELON
------------------DURIAN
------------------LEMON
------------------ORANGE
------------RADISH
--------------IRISH
----------------BANANA
------------------VOAVANGA
--------------PINENUT
----------------MELON
------------------GRAPH
------------------KIWI
------------------TANGERINE
----------------TANGERINE
------------------CHERRY
------------------MELON
------------------YAM
--------------UGLI
----------------FIG
------------------PINENUT
------------------RADISH
----------------LEMON
------------------ELDERBERRY
------------------FIG
------------------WATERMELON
----------------QUINCES
------------------BANANA
------------------KIWI
------------------TANGERINE
------------WATERMELON
--------------DURIAN
----------------DURIAN
------------------MELON
------------------UGLI
------------------VOAVANGA
--------------NECTARINE
----------------GRAPH
------------------APPLE
------------------ORANGE
------------------QUINCES
----------------VOAVANGA
------------------ZUCCHINI
--------WATERMELON
----------APPLE
------------CHERRY
--------------KIWI
----------------IRISH
------------------WATERMELON
----------------KIWI
------------------BANANA
------------------FIG
--------------LEMON
----------------IRISH
------------------CHERRY
------------------MELON
------------------QUINCES
--------------UGLI
----------------ELDERBERRY
------------------BANANA
----------------UGLI
------------------HONEYDEW
------------------IRISH
------------------VOAVANGA
------------VOAVANGA
--------------CHERRY
----------------ZUCCHINI
------------------DURIAN
------------------FIG
------------------KIWI
--------------QUINCES
----------------RADISH
------------------MELON
------------------QUINCES
--------------SESAME
----------------UGLI
------------------RADISH
------------YAM
--------------DURIAN
----------------ORANGE
------------------HONEYDEW
--------------UGLI
----------------IRISH
------------------RADISH
----------CHERRY
------------IRISH
--------------SESAME
----------------MELON
------------------APPLE
------------------KIWI
----------QUINCES
------------DURIAN
--------------CHERRY
----------------PINENUT
------------------NECTARINE
------------------UGLI
------------PINENUT
--------------UGLI
----------------VOAVANGA
------------------KIWI
------------------NECTARINE
------------------VOAVANGA
--TANGERINE
----CHERRY
------ELDERBERRY
--------DURIAN
----------HONEYDEW
------------UGLI
--------------BANANA
----------------WATERMELON
------------------IRISH
--------------HONEYDEW
----------------ELDERBERRY
------------------RADISH
------------------YAM
----------------HONEYDEW
------------------APPLE
------------------MELON
------------------YAM
----------------SESAME
------------------CHERRY
------------------PINENUT
--------QUINCES
----------ELDERBERRY
------------CHERRY
--------------KIWI
----------------ZUCCHINI
------------------NECTARINE
------------------YAM
--------------SESAME
----------------NECTARINE
------------------KIWI
------------NECTARINE
--------------CHERRY
----------------WATERMELON
------------------LEMON
------------------RADISH
------------------UGLI
--------------DURIAN
----------------KIWI
------------------KIWI
--------------QUINCES
----------------HONEYDEW
------------------BANANA
------------------UGLI
----------------MELON
------------------DURIAN
------------------FIG
----------------SESAME
------------------ELDERBERRY
------------------HONEYDEW
------------PINENUT
--------------KIWI
----------------YAM
------------------DURIAN
------------------ELDERBERRY
----------------ZUCCHINI
------------------HONEYDEW
----------KIWI
------------APPLE
--------------ORANGE
----------------CHERRY
------------------ELDERBERRY
------------------MELON
------------------TANGERINE
----------------SESAME
------------------ELDERBERRY
------------------IRISH
------------------MELON
--------------QUINCES
----------------HONEYDEW
------------------IRISH
------------------QUINCES
----------------VOAVANGA
------------------UGLI
--------------VOAVANGA
----------------DURIAN
------------------SESAME
------------------UGLI
------------------YAM
----------------FIG
------------------PINENUT
----------------ORANGE
------------------APPLE
------------------IRISH
------------------PINENUT
------------TANGERINE
--------------ORANGE
----------------BANANA
------------------IRISH
------------------PINENUT
------------------ZUCCHINI
----------------ORANGE
------------------APPLE
------------------BANANA
----------------PINENUT
------------------FIG
------------------WATERMELON
------------------ZUCCHINI
----RADISH
------KIWI
--------SESAME
----------UGLI
------------SESAME
--------------SESAME
----------------BANANA
------------------HONEYDEW
------------------NECTARINE
----------------HONEYDEW
------------------GRAPH
----------------VOAVANGA
------------------IRISH
------------------YAM
------------------ZUCCHINI
----------VOAVANGA
------------GRAPH
--------------UGLI
----------------BANANA
------------------NECTARINE
------------------SESAME
------------------VOAVANGA
----------------TANGERINE
------------------ORANGE
------------------SESAME
--------------ZUCCHINI
----------------APPLE
------------------IRISH
----------------DURIAN
------------------APPLE
------------------PINENUT
----------------LEMON
------------------MELON
------------IRISH
--------------APPLE
----------------SESAME
------------------IRISH
------------------TANGERINE
------------------YAM
--------------SESAME
----------------IRISH
------------------RADISH
------------------TANGERINE
------------------UGLI
----------------MELON
------------------FIG
------------------ORANGE
----------------QUINCES
------------------APPLE
------------------TANGERINE
------------ORANGE
--------------DURIAN
----------------WATERMELON
------------------IRISH
------------------NECTARINE
--------------GRAPH
----------------DURIAN
------------------NECTARINE
----------------PINENUT
------------------YAM
----------------UGLI
------------------ELDERBERRY
------------------TANGERINE
--------------PINENUT
----------------ELDERBERRY
------------------DURIAN
------------------ORANGE
----------------GRAPH
------------------SESAME
----------------MELON
------------------WATERMELON
--------WATERMELON
----------APPLE
------------DURIAN
--------------DURIAN
----------------BANANA
------------------PINENUT
------------------RADISH
----------------SESAME
------------------FIG
------------------ORANGE
--------------IRISH
----------------ELDERBERRY
------------------IRISH
------------------KIWI
------------------WATERMELON
------------RADISH
--------------FIG
----------------KIWI
------------------APPLE
------------------IRISH
------------------SESAME
----------------ZUCCHINI
------------------RADISH
--------------YAM
----------------KIWI
------------------IRISH
------------------ORANGE
------------------WATERMELON
----------------TANGERINE
------------------KIWI
------------------PINENUT
------------------ZUCCHINI
----------BANANA
------------ELDERBERRY
--------------PINENUT
----------------BANANA
------------------CHERRY
------------------IRISH
------------------NECTARINE
----------------SESAME
------------------TANGERINE
------------------UGLI
----------------YAM
------------------BANANA
------------------VOAVANGA
--------------SESAME
----------------CHERRY
------------------HONEYDEW
------------------PINENUT
----------------LEMON
------------------QUINCES
------------------UGLI
------------------WATERMELON
----------KIWI
------------HONEYDEW
--------------VOAVANGA
----------------RADISH
------------------ELDERBERRY
------------------MELON
------------------TANGERINE
----TANGERINE
------BANANA
--------APPLE
----------FIG
------------CHERRY
--------------NECTARINE
----------------BANANA
------------------FIG
------------------UGLI
----------------ZUCCHINI
------------------CHERRY
------------------LEMON
------------QUINCES
--------------ORANGE
----------------APPLE
------------------IRISH
----------------SESAME
------------------PINENUT
------------------SESAME
--------------TANGERINE
----------------KIWI
------------------FIG
------------------ORANGE
----------------LEMON
------------------ELDERBERRY
------------------FIG
------------------RADISH
----------------NECTARINE
------------------PINENUT
------------------VOAVANGA
------------------ZUCCHINI
------------SESAME
--------------ORANGE
----------------ELDERBERRY
------------------GRAPH
--------------QUINCES
----------------BANANA
------------------HONEYDEW
------------------LEMON
----------------FIG
------------------LEMON
------------------QUINCES
--------CHERRY
----------KIWI
------------CHERRY
--------------APPLE
----------------ORANGE
------------------FIG
------------------TANGERINE
------------------UGLI
----------------SESAME
------------------BANANA
------------------ELDERBERRY
------------------UGLI
----------------YAM
------------------HONEYDEW
------------------RADISH
--------------ELDERBERRY
----------------MELON
------------------TANGERINE
----------------QUINCES
------------------TANGERINE
------------------YAM
----------------ZUCCHINI
------------------MELON
------------------UGLI
------------ELDERBERRY
--------------DURIAN
----------------IRISH
------------------SESAME
------------------UGLI
----------------RADISH
------------------ELDERBERRY
------------------KIWI
--------------UGLI
----------------MELON
------------------GRAPH
------------------SESAME
----------------TANGERINE
------------------FIG
------------------KIWI
----------------UGLI
------------------ORANGE
------------------RADISH
--------------WATERMELON
----------------ZUCCHINI
------------------KIWI
------------------RADISH
------------------SESAME
------------GRAPH
--------------FIG
----------------BANANA
------------------CHERRY
------------------VOAVANGA
------------------ZUCCHINI
----------------FIG
------------------HONEYDEW
------------------MELON
--------------HONEYDEW
----------------CHERRY
------------------APPLE
------------------NECTARINE
------------------QUINCES
----------------MELON
------------------FIG
------------------IRISH
------------------PINENUT
----------------TANGERINE
------------------LEMON
------------------WATERMELON
--------------KIWI
----------------SESAME
------------------MELON
------------------ZUCCHINI
----------TANGERINE
------------BANANA
--------------IRISH
----------------TANGERINE
------------------HONEYDEW
------------------NECTARINE
------------------ZUCCHINI
--------------ZUCCHINI
----------------RADISH
------------------BANANA
------------------ELDERBERRY
------------------PINENUT
------------ELDERBERRY
--------------ORANGE
----------------ELDERBERRY
------------------BANANA
------------------MELON
----------------QUINCES
------------------FIG
------------------KIWI
------------------MELON
--------------SESAME
----------------RADISH
------------------HONEYDEW
------------QUINCES
--------------DURIAN
----------------CHERRY
------------------KIWI
------------------QUINCES
------------------RADISH
----------------TANGERINE
------------------NECTARINE
------------------PINENUT
--------------MELON
----------------APPLE
------------------TANGERINE
----------------CHERRY
------------------FIG
------------------LEMON
------------------ZUCCHINI
----------------HONEYDEW
------------------IRISH
------------------YAM
--------------NECTARINE
----------------GRAPH
------------------KIWI
------------------LEMON
------------------PINENUT
----------------SESAME
------------------FIG
------------------MELON
--------LEMON
----------DURIAN
------------APPLE
--------------QUINCES
----------------TANGERINE
------------------GRAPH
--------------SESAME
----------------PINENUT
------------------VOAVANGA
----------------UGLI
------------------HONEYDEW
------------------VOAVANGA
--------------YAM
----------------NECTARINE
------------------DURIAN
------------------ORANGE
------------------QUINCES
------------SESAME
--------------FIG
----------------MELON
------------------APPLE
------------------YAM
--------------PINENUT
----------------VOAVANGA
------------------APPLE
----------------ZUCCHINI
------------------GRAPH
------------------NECTARINE
----------KIWI
------------APPLE
--------------PINENUT
----------------FIG
------------------SESAME
----------TANGERINE
------------PINENUT
--------------LEMON
----------------BANANA
------------------FIG
------------------HONEYDEW
------------QUINCES
--------------ORANGE
----------------IRISH
------------------APPLE
------------------ORANGE
----------------NECTARINE
------------------DURIAN
------------------PINENUT
------HONEYDEW
--------FIG
----------GRAPH
------------TANGERINE
--------------BANANA
----------------CHERRY
------------------WATERMELON
----------------HONEYDEW
------------------GRAPH
----------------IRISH
------------------HONEYDEW
------------------VOAVANGA
--------------IRISH
----------------VOAVANGA
------------------GRAPH
------------------TANGERINE
--------------LEMON
----------------DURIAN
------------------BANANA
------------------KIWI
------------------PINENUT
----------------FIG
------------------PINENUT
------------------YAM
------------WATERMELON
--------------QUINCES
----------------YAM
------------------ORANGE
------------------PINENUT
------------------TANGERINE
--------------WATERMELON
----------------MELON
------------------UGLI
------------------YAM
----------------RADISH
------------------TANGERINE
------------------VOAVANGA
----------------UGLI
------------------CHERRY
------------------LEMON
------------------SESAME
--------------ZUCCHINI
----------------DURIAN
------------------HONEYDEW
----------------IRISH
------------------BANANA
------------------ELDERBERRY
------------------ZUCCHINI
----------------RADISH
------------------CHERRY
------------------GRAPH
------------------PINENUT
----------IRISH
------------APPLE
--------------DURIAN
----------------ORANGE
------------------CHERRY
------------------GRAPH
------------TANGERINE
--------------CHERRY
----------------LEMON
------------------ELDERBERRY
----------MELON
------------UGLI
--------------ORANGE
----------------HONEYDEW
------------------DURIAN
------------------GRAPH
----------------KIWI
------------------TANGERINE
------------------YAM
----------------UGLI
------------------HONEYDEW
------------------ORANGE
------------------UGLI
--------MELON
----------IRISH
------------APPLE
--------------GRAPH
----------------CHERRY
------------------APPLE
------------------MELON
------------------QUINCES
----------------UGLI
------------------IRISH
------------------KIWI
------------------NECTARINE
--------------QUINCES
----------------CHERRY
------------------CHERRY
------------------IRISH
------------------YAM
------------GRAPH
--------------KIWI
----------------ELDERBERRY
------------------QUINCES
------------------VOAVANGA
----------------LEMON
------------------QUINCES
--------------NECTARINE
----------------CHERRY
------------------NECTARINE
------------------ZUCCHINI
----------------HONEYDEW
------------------NECTARINE
------------------ORANGE
--------------SESAME
----------------YAM
------------------BANANA
------------RADISH
--------------HONEYDEW
----------------NECTARINE
------------------KIWI
------------------ORANGE
------------------SESAME
----------------ORANGE
------------------BANANA
------------------SESAME
----------------ZUCCHINI
------------------APPLE
------------------VOAVANGA
--------------KIWI
----------------BANANA
------------------HONEYDEW
------------------RADISH
----------------IRISH
------------------DURIAN
------------------RADISH
----------------LEMON
------------------BANANA
------------------NECTARINE
----------NECTARINE
------------ELDERBERRY
--------------MELON
----------------SESAME
------------------ELDERBERRY
------------------IRISH
--------ZUCCHINI
----------GRAPH
------------GRAPH
--------------QUINCES
----------------SESAME
------------------PINENUT
------------IRISH
--------------IRISH
----------------MELON
------------------GRAPH
----------------ORANGE
------------------HONEYDEW
------------------MELON
----------------PINENUT
------------------KIWI
------------RADISH
--------------ORANGE
----------------KIWI
------------------WATERMELON
----------------VOAVANGA
------------------QUINCES
------------------TANGERINE
--------------UGLI
----------------LEMON
------------------RADISH
------------------SESAME
----------YAM
------------TANGERINE
--------------BANANA
----------------FIG
------------------MELON
------------------SESAME
------------------VOAVANGA
--------------KIWI
----------------DURIAN
------------------HONEYDEW
------------------PINENUT
------------------ZUCCHINI
----------------ORANGE
------------------GRAPH
------IRISH
--------APPLE
----------GRAPH
------------MELON
--------------LEMON
----------------PINENUT
------------------YAM
----------------QUINCES
------------------ELDERBERRY
------------------KIWI
------------------YAM
--------------NECTARINE
----------------FIG
------------------HONEYDEW
------------------UGLI
----------------HONEYDEW
------------------APPLE
------------------PINENUT
------------------ZUCCHINI
--------------WATERMELON
----------------ORANGE
------------------ELDERBERRY
------------------VOAVANGA
----------------UGLI
------------------BANANA
------------------VOAVANGA
------------------YAM
----------TANGERINE
------------DURIAN
--------------LEMON
----------------CHERRY
------------------APPLE
------------------HONEYDEW
------------------UGLI
----------------HONEYDEW
------------------ELDERBERRY
------------------GRAPH
------------------ORANGE
----------WATERMELON
------------IRISH
--------------BANANA
----------------BANANA
------------------SESAME
------------TANGERINE
--------------MELON
----------------FIG
------------------BANANA
------------------PINENUT
------------------RADISH
--------------NECTARINE
----------------GRAPH
------------------GRAPH
------------------ORANGE
----------------ZUCCHINI
------------------WATERMELON
--------------ORANGE
----------------ELDERBERRY
------------------KIWI
------------------RADISH
--------GRAPH
----------ELDERBERRY
------------FIG
--------------UGLI
----------------RADISH
------------------MELON
--------------VOAVANGA
----------------BANANA
------------------FIG
------------------GRAPH
------------------HONEYDEW
------------RADISH
--------------KIWI
----------------BANANA
------------------GRAPH
------------------UGLI
----------------UGLI
------------------IRISH
------------------LEMON
--------------PINENUT
----------------QUINCES
------------------NECTARINE
----------------RADISH
------------------ELDERBERRY
------------------LEMON
----------------YAM
------------------LEMON
------------------SESAME
------------------YAM
------------YAM
--------------IRISH
----------------DURIAN
------------------ELDERBERRY
----------------VOAVANGA
------------------SESAME
----------------ZUCCHINI
------------------CHERRY
------------------IRISH
--------------SESAME
----------------APPLE
------------------APPLE
----------------PINENUT
------------------BANANA
------------------VOAVANGA
----------------RADISH
------------------ELDERBERRY
------------------MELON
--------------ZUCCHINI
----------------WATERMELON
------------------UGLI
------------------YAM
----------FIG
------------IRISH
--------------DURIAN
----------------IRISH
------------------CHERRY
------------------KIWI
----------------RADISH
------------------ELDERBERRY
------------------KIWI
--------------SESAME
----------------NECTARINE
------------------CHERRY
------------SESAME
--------------HONEYDEW
----------------DURIAN
------------------CHERRY
------------------RADISH
----------------LEMON
------------------DURIAN
------------------WATERMELON
----------------QUINCES
------------------APPLE
--------------QUINCES
----------------FIG
------------------FIG
------------------QUINCES
------------------SESAME
----------------UGLI
------------------NECTARINE
------------------SESAME
------------------VOAVANGA
----------ZUCCHINI
------------BANANA
--------------DURIAN
----------------ORANGE
------------------APPLE
------------------RADISH
------------------VOAVANGA
--------------FIG
----------------APPLE
------------------IRISH
------------------PINENUT
----------------ORANGE
------------------TANGERINE
--------------WATERMELON
----------------DURIAN
------------------ELDERBERRY
------------------TANGERINE
----------------ELDERBERRY
------------------ELDERBERRY
------------------VOAVANGA
----------------PINENUT
------------------DURIAN
------------------ELDERBERRY
------------------FIG
------------HONEYDEW
--------------MELON
----------------SESAME
------------------ELDERBERRY
------------------KIWI
------------------UGLI
----------------YAM
------------------LEMON
------------------RADISH
--------------ZUCCHINI
----------------FIG
------------------TANGERINE
----------------RADISH
------------------BANANA
------------------FIG
------------------WATERMELON
------------SESAME
--------------DURIAN
----------------WATERMELON
------------------KIWI
--------------ELDERBERRY
----------------DURIAN
------------------APPLE
------------------ORANGE
------------------WATERMELON
----------------WATERMELON
------------------IRISH
------------------NECTARINE
--------------RADISH
----------------NECTARINE
------------------YAM
----------------QUINCES
------------------ELDERBERRY
------------------MELON
------------------RADISH
----------------WATERMELON
------------------DURIAN
------------------LEMON