YAM
--VOAVANGA
----ORANGE
------NECTARINE
--------IRISH
----------DURIAN
------------ELDERBERRY
--------------BANANA
----------------APPLE
------------------DURIAN
--------------------GRAPH
----------------------TANGERINE
------------------------APPLE
--------------------------KIWI
----------------------------ORANGE
----------------------------WATERMELON
------------------------HONEYDEW
--------------------------ORANGE
----------------------------BANANA
----------------------ZUCCHINI
------------------------QUINCES
--------------------------BANANA
----------------------------DURIAN
----------------------------IRISH
--------------------------QUINCES
----------------------------QUINCES
--------------------HONEYDEW
----------------------APPLE
------------------------TANGERINE
--------------------------PINENUT
----------------------------BANANA
----------------------YAM
------------------------ORANGE
--------------------------LEMON
----------------------------CHERRY
------------QUINCES
--------------YAM
----------------IRISH
------------------HONEYDEW
--------------------VOAVANGA
----------------------ZUCCHINI
------------------------ELDERBERRY
--------------------------BANANA
----------------------------FIG
----------------------------RADISH
--------------------WATERMELON
----------------------FIG
------------------------ELDERBERRY
--------------------------HONEYDEW
----------------------------MELON
----------------------------ZUCCHINI
--------------------------WATERMELON
----------------------------VOAVANGA
------------------------HONEYDEW
--------------------------QUINCES
----------------------------WATERMELON
----------------------LEMON
------------------------LEMON
--------------------------GRAPH
----------------------------CHERRY
----------------ZUCCHINI
------------------BANANA
--------------------KIWI
----------------------IRISH
------------------------UGLI
--------------------------WATERMELON
----------------------------GRAPH
----------------------------VOAVANGA
------------------PINENUT
--------------------BANANA
----------------------HONEYDEW
------------------------YAM
--------------------------NECTARINE
----------------------------RADISH
--------------------------UGLI
----------------------------IRISH
----------------------------NECTARINE
--------------------HONEYDEW
----------------------IRISH
------------------------ORANGE
--------------------------APPLE
----------------------------IRISH
----------------------------YAM
--------------------------GRAPH
----------------------------FIG
----------------------------WATERMELON
------------------------YAM
--------------------------NECTARINE
----------------------------BANANA
----------------------------HONEYDEW
--------------------------WATERMELON
----------------------------GRAPH
----------------------------ORANGE
----------------------YAM
------------------------TANGERINE
--------------------------UGLI
----------------------------MELON
----------------------------SESAME
--------VOAVANGA
----------QUINCES
------------IRISH
--------------ORANGE
----------------GRAPH
------------------APPLE
--------------------ELDERBERRY
----------------------FIG
------------------------APPLE
--------------------------BANANA
----------------------------WATERMELON
--------------------------WATERMELON
----------------------------GRAPH
----------------------------SESAME
------------------------LEMON
--------------------------APPLE
----------------------------APPLE
----------------------------DURIAN
--------------------------MELON
----------------------------MELON
----------------------KIWI
------------------------VOAVANGA
--------------------------DURIAN
----------------------------IRISH
------------------------ZUCCHINI
--------------------------NECTARINE
----------------------------HONEYDEW
----------------------------WATERMELON
--------------------ZUCCHINI
----------------------HONEYDEW
------------------------RADISH
--------------------------GRAPH
----------------------------PINENUT
------------------------WATERMELON
--------------------------APPLE
----------------------------GRAPH
--------------------------WATERMELON
----------------------------APPLE
----------------------YAM
------------------------ELDERBERRY
--------------------------BANANA
----------------------------TANGERINE
----------------------------UGLI
--------------------------GRAPH
----------------------------ORANGE
------------------------YAM
--------------------------APPLE
----------------------------GRAPH
--------------------------FIG
----------------------------HONEYDEW
----------------------------UGLI
--------------PINENUT
----------------LEMON
------------------QUINCES
--------------------LEMON
----------------------WATERMELON
------------------------APPLE
--------------------------DURIAN
----------------------------APPLE
------------------------ORANGE
--------------------------KIWI
----------------------------MELON
--------------------MELON
----------------------UGLI
------------------------TANGERINE
--------------------------IRISH
----------------------------LEMON
----------------------------WATERMELON
--------------------------RADISH
----------------------------FIG
------------------------YAM
--------------------------SESAME
----------------------------ORANGE
--------------------------ZUCCHINI
----------------------------BANANA
----------------RADISH
------------------BANANA
--------------------VOAVANGA
----------------------ELDERBERRY
------------------------FIG
--------------------------NECTARINE
----------------------------CHERRY
----------------------------ELDERBERRY
--------------------------PINENUT
----------------------------FIG
----------------------IRISH
------------------------ELDERBERRY
--------------------------CHERRY
----------------------------MELON
----------------------------UGLI
--------------------------WATERMELON
----------------------------BANANA
----------------------------GRAPH
------------------------YAM
--------------------------UGLI
----------------------------RADISH
------------------QUINCES
--------------------GRAPH
----------------------FIG
------------------------CHERRY
--------------------------HONEYDEW
----------------------------FIG
--------------------------ORANGE
----------------------------HONEYDEW
----------------------------IRISH
------------------------NECTARINE
--------------------------MELON
----------------------------FIG
----------------------------HONEYDEW
--------------------------WATERMELON
----------------------------WATERMELON
----------------------------ZUCCHINI
----------------------VOAVANGA
------------------------CHERRY
--------------------------BANANA
----------------------------IRISH
------------------------SESAME
--------------------------ORANGE
----------------------------APPLE
----------------------------UGLI
--------------------SESAME
----------------------DURIAN
------------------------MELON
--------------------------NECTARINE
----------------------------QUINCES
--------------------------PINENUT
----------------------------IRISH
----------------------------WATERMELON
------------------------PINENUT
--------------------------APPLE
----------------------------IRISH
----------------------YAM
------------------------PINENUT
--------------------------RADISH
----------------------------CHERRY
------------------------QUINCES
--------------------------TANGERINE
----------------------------MELON
----------------------------ZUCCHINI
----------TANGERINE
------------KIWI
--------------DURIAN
----------------TANGERINE
------------------KIWI
--------------------KIWI
----------------------KIWI
------------------------RADISH
--------------------------TANGERINE
----------------------------KIWI
------------------------SESAME
--------------------------MELON
----------------------------QUINCES
--------------------------YAM
----------------------------FIG
----------------------------WATERMELON
--------------------NECTARINE
----------------------HONEYDEW
------------------------QUINCES
--------------------------UGLI
----------------------------QUINCES
----------------------ZUCCHINI
------------------------LEMON
--------------------------RADISH
----------------------------GRAPH
----------------------------WATERMELON
------------------------UGLI
--------------------------KIWI
----------------------------APPLE
----------------------------BANANA
------------------WATERMELON
--------------------DURIAN
----------------------DURIAN
------------------------GRAPH
--------------------------YAM
----------------------------FIG
----------------------------IRISH
------------------------IRISH
--------------------------UGLI
----------------------------UGLI
--------------------------YAM
----------------------------ORANGE
----------------------------YAM
----------------------KIWI
------------------------PINENUT
--------------------------KIWI
----------------------------BANANA
--------------------------ZUCCHINI
----------------------------FIG
----------------------------NECTARINE
------------------------WATERMELON
--------------------------ORANGE
----------------------------KIWI
--------------------------UGLI
----------------------------DURIAN
----------------------------WATERMELON
--------------------MELON
----------------------KIWI
------------------------IRISH
--------------------------ELDERBERRY
----------------------------HONEYDEW
----------------------------TANGERINE
------------------------QUINCES
--------------------------VOAVANGA
----------------------------HONEYDEW
----------------------------UGLI
--------------KIWI
----------------DURIAN
------------------RADISH
--------------------RADISH
----------------------KIWI
------------------------QUINCES
--------------------------APPLE
----------------------------MELON
----------------VOAVANGA
------------------ELDERBERRY
--------------------HONEYDEW
----------------------ELDERBERRY
------------------------APPLE
--------------------------FIG
----------------------------HONEYDEW
----------------------------ORANGE
--------------------------WATERMELON
----------------------------NECTARINE
------------------------ORANGE
--------------------------APPLE
----------------------------RADISH
----------------------------TANGERINE
------------VOAVANGA
--------------UGLI
----------------VOAVANGA
------------------LEMON
--------------------DURIAN
----------------------MELON
------------------------ELDERBERRY
--------------------------IRISH
----------------------------LEMON
----------------------------MELON
--------------------------SESAME
----------------------------GRAPH
----------------------------IRISH
----------------------WATERMELON
------------------------QUINCES
--------------------------CHERRY
----------------------------UGLI
------------------------SESAME
--------------------------FIG
----------------------------RADISH
--------------------LEMON
----------------------NECTARINE
------------------------ELDERBERRY
--------------------------APPLE
----------------------------RADISH
----------------------------SESAME
--------------------------IRISH
----------------------------GRAPH
----------------------------ORANGE
------------------------ORANGE
--------------------------SESAME
----------------------------FIG
----------------------------HONEYDEW
------------------ORANGE
--------------------MELON
----------------------YAM
------------------------HONEYDEW
--------------------------IRISH
----------------------------PINENUT
----------------------------WATERMELON
--------------------------UGLI
----------------------------DURIAN
----------------------------HONEYDEW
------------------------IRISH
--------------------------ORANGE
----------------------------WATERMELON
------YAM
--------ORANGE
----------CHERRY
------------CHERRY
--------------LEMON
----------------YAM
------------------QUINCES
--------------------HONEYDEW
----------------------ELDERBERRY
------------------------YAM
--------------------------NECTARINE
----------------------------ELDERBERRY
--------------------------SESAME
----------------------------FIG
----------------------RADISH
------------------------LEMON
--------------------------PINENUT
----------------------------PINENUT
------------------------VOAVANGA
--------------------------BANANA
----------------------------APPLE
----------------------------YAM
--------------------SESAME
----------------------TANGERINE
------------------------PINENUT
--------------------------APPLE
----------------------------BANANA
----------------------------IRISH
------------------------TANGERINE
--------------------------CHERRY
----------------------------SESAME
----------------------VOAVANGA
------------------------WATERMELON
--------------------------ORANGE
----------------------------HONEYDEW
----------------------------SESAME
------------------ZUCCHINI
--------------------CHERRY
----------------------GRAPH
------------------------SESAME
--------------------------ELDERBERRY
----------------------------NECTARINE
----------------------------VOAVANGA
--------------------------YAM
----------------------------HONEYDEW
----------------------------KIWI
----------------------VOAVANGA
------------------------LEMON
--------------------------BANANA
----------------------------KIWI
--------------------------CHERRY
----------------------------IRISH
----------------------------ZUCCHINI
--------------------QUINCES
----------------------TANGERINE
------------------------APPLE
--------------------------GRAPH
----------------------------QUINCES
--------------NECTARINE
----------------YAM
------------------UGLI
--------------------RADISH
----------------------KIWI
------------------------PINENUT
--------------------------SESAME
----------------------------VOAVANGA
----------------------------YAM
--------------------------YAM
----------------------------MELON
----------------------------YAM
----------------------VOAVANGA
------------------------ZUCCHINI
--------------------------CHERRY
----------------------------HONEYDEW
----------------------------SESAME
--------------------------QUINCES
----------------------------FIG
------------------VOAVANGA
--------------------FIG
----------------------APPLE
------------------------ZUCCHINI
--------------------------ORANGE
----------------------------APPLE
----------------------------WATERMELON
----------------------CHERRY
------------------------HONEYDEW
--------------------------FIG
----------------------------YAM
------------------------LEMON
--------------------------ELDERBERRY
----------------------------ZUCCHINI
------------ZUCCHINI
--------------GRAPH
----------------RADISH
------------------MELON
--------------------FIG
----------------------YAM
------------------------ORANGE
--------------------------YAM
----------------------------ORANGE
--------------------ORANGE
----------------------DURIAN
------------------------NECTARINE
--------------------------DURIAN
----------------------------KIWI
----------------------------SESAME
------------------------UGLI
--------------------------GRAPH
----------------------------GRAPH
--------------------------ORANGE
----------------------------ELDERBERRY
----------ELDERBERRY
------------WATERMELON
--------------MELON
----------------GRAPH
------------------TANGERINE
--------------------BANANA
----------------------YAM
------------------------CHERRY
--------------------------BANANA
----------------------------VOAVANGA
--------------------CHERRY
----------------------NECTARINE
------------------------RADISH
--------------------------ELDERBERRY
----------------------------PINENUT
----------------------------TANGERINE
------------------------SESAME
--------------------------CHERRY
----------------------------IRISH
--------------------------ELDERBERRY
----------------------------APPLE
----------------------------LEMON
----------------PINENUT
------------------QUINCES
--------------------BANANA
----------------------KIWI
------------------------NECTARINE
--------------------------NECTARINE
----------------------------ORANGE
------------------------YAM
--------------------------RADISH
----------------------------DURIAN
----------------------------VOAVANGA
----------------------QUINCES
------------------------LEMON
--------------------------APPLE
----------------------------NECTARINE
----------------------------PINENUT
--------------------------RADISH
----------------------------PINENUT
--------------------UGLI
----------------------IRISH
------------------------ELDERBERRY
--------------------------GRAPH
----------------------------APPLE
----------------------------MELON
--------------------------KIWI
----------------------------MELON
----------------------------NECTARINE
----------------------YAM
------------------------APPLE
--------------------------DURIAN
----------------------------HONEYDEW
------------------------ELDERBERRY
--------------------------BANANA
----------------------------BANANA
----------------------------MELON
--------------------------ELDERBERRY
----------------------------YAM
----------------------------ZUCCHINI
------------ZUCCHINI
--------------FIG
----------------LEMON
------------------NECTARINE
--------------------CHERRY
----------------------MELON
------------------------QUINCES
--------------------------LEMON
----------------------------ORANGE
--------------------------RADISH
----------------------------ORANGE
----------------------------RADISH
------------------PINENUT
--------------------MELON
----------------------IRISH
------------------------CHERRY
--------------------------HONEYDEW
----------------------------MELON
------------------------DURIAN
--------------------------NECTARINE
----------------------------HONEYDEW
----------------------------ORANGE
----------------------TANGERINE
------------------------PINENUT
--------------------------QUINCES
----------------------------ELDERBERRY
--------------------------VOAVANGA
----------------------------BANANA
--------------------YAM
----------------------LEMON
------------------------QUINCES
--------------------------MELON
----------------------------PINENUT
----------------------------YAM
--------------------------YAM
----------------------------KIWI
------------------------ZUCCHINI
--------------------------UGLI
----------------------------MELON
----------------------------RADISH
----------------------UGLI
------------------------LEMON
--------------------------APPLE
----------------------------CHERRY
----------------------------LEMON
------------------------WATERMELON
--------------------------YAM
----------------------------UGLI
----ZUCCHINI
------ELDERBERRY
--------FIG
----------MELON
------------ELDERBERRY
--------------QUINCES
----------------CHERRY
------------------NECTARINE
--------------------IRISH
----------------------KIWI
------------------------FIG
--------------------------GRAPH
----------------------------CHERRY
----------------------VOAVANGA
------------------------IRISH
--------------------------APPLE
----------------------------LEMON
----------------------------YAM
--------------------------KIWI
----------------------------ORANGE
------------------------RADISH
--------------------------LEMON
----------------------------GRAPH
----------------------------LEMON
--------------------NECTARINE
----------------------VOAVANGA
------------------------APPLE
--------------------------HONEYDEW
----------------------------LEMON
------------------------NECTARINE
--------------------------IRISH
----------------------------IRISH
----------------------------TANGERINE
------------------WATERMELON
--------------------IRISH
----------------------WATERMELON
------------------------ELDERBERRY
--------------------------QUINCES
----------------------------UGLI
----------------FIG
------------------ELDERBERRY
--------------------APPLE
----------------------VOAVANGA
------------------------CHERRY
--------------------------GRAPH
----------------------------YAM
--------------------------YAM
----------------------------PINENUT
----------------------------SESAME
----------------------ZUCCHINI
------------------------GRAPH
--------------------------HONEYDEW
----------------------------UGLI
----------------------------WATERMELON
--------------------------QUINCES
----------------------------APPLE
----------------------------IRISH
------------------------WATERMELON
--------------------------MELON
----------------------------BANANA
----------------------------PINENUT
--------------------------ZUCCHINI
----------------------------VOAVANGA
------------ORANGE
--------------RADISH
----------------TANGERINE
------------------DURIAN
--------------------DURIAN
----------------------CHERRY
------------------------LEMON
--------------------------PINENUT
----------------------------ORANGE
------------------------RADISH
--------------------------ORANGE
----------------------------GRAPH
----------------------------SESAME
----------------------ORANGE
------------------------KIWI
--------------------------APPLE
----------------------------KIWI
--------------------------VOAVANGA
----------------------------FIG
----------------------------VOAVANGA
------------------------MELON
--------------------------BANANA
----------------------------FIG
----------------------------MELON
------------------TANGERINE
--------------------KIWI
----------------------GRAPH
------------------------QUINCES
--------------------------VOAVANGA
----------------------------ELDERBERRY
----------------------------LEMON
--------------------------ZUCCHINI
----------------------------FIG
----------------------------SESAME
--------------UGLI
----------------ZUCCHINI
------------------FIG
--------------------BANANA
----------------------GRAPH
------------------------FIG
--------------------------PINENUT
----------------------------VOAVANGA
----------------------QUINCES
------------------------PINENUT
--------------------------SESAME
----------------------------ZUCCHINI
--------------------------UGLI
----------------------------YAM
--------------------TANGERINE
----------------------KIWI
------------------------CHERRY
--------------------------NECTARINE
----------------------------SESAME
------------------------WATERMELON
--------------------------BANANA
----------------------------APPLE
----------------------------HONEYDEW
--------------------------FIG
----------------------------WATERMELON
----------------------------YAM
----------------------SESAME
------------------------LEMON
--------------------------YAM
----------------------------WATERMELON
------------------------ZUCCHINI
--------------------------YAM
----------------------------LEMON
----------------------------ZUCCHINI
------------------WATERMELON
--------------------QUINCES
----------------------ORANGE
------------------------ORANGE
--------------------------GRAPH
----------------------------UGLI
----------------------------ZUCCHINI
--------------------------SESAME
----------------------------VOAVANGA
----------------------QUINCES
------------------------BANANA
--------------------------DURIAN
----------------------------ELDERBERRY
------------------------WATERMELON
--------------------------APPLE
----------------------------APPLE
--------------------------HONEYDEW
----------------------------ELDERBERRY
--------------------YAM
----------------------DURIAN
------------------------KIWI
--------------------------FIG
----------------------------PINENUT
----------------------------RADISH
--------------------------RADISH
----------------------------ELDERBERRY
----------------------------WATERMELON
------------------------RADISH
--------------------------APPLE
----------------------------NECTARINE
----------------------------QUINCES
----------------------PINENUT
------------------------DURIAN
--------------------------IRISH
----------------------------KIWI
--------------------------ORANGE
----------------------------PINENUT
------------------------VOAVANGA
--------------------------LEMON
----------------------------BANANA
----------------------------SESAME
--------HONEYDEW
----------MELON
------------UGLI
--------------FIG
----------------IRISH
------------------ZUCCHINI
--------------------MELON
----------------------ELDERBERRY
------------------------CHERRY
--------------------------NECTARINE
----------------------------QUINCES
----------------------------WATERMELON
--------------------------RADISH
----------------------------HONEYDEW
----------------------------PINENUT
------------------------UGLI
--------------------------IRISH
----------------------------APPLE
----------------------------ORANGE
--------------------ZUCCHINI
----------------------PINENUT
------------------------SESAME
--------------------------IRISH
----------------------------GRAPH
----------------------------ZUCCHINI
--------------------------YAM
----------------------------QUINCES
----------------------WATERMELON
------------------------FIG
--------------------------GRAPH
----------------------------SESAME
----------------------------ZUCCHINI
----------------WATERMELON
------------------CHERRY
--------------------CHERRY
----------------------FIG
------------------------ORANGE
--------------------------MELON
----------------------------ORANGE
--------------------------WATERMELON
----------------------------ELDERBERRY
----------------------------QUINCES
----------------------VOAVANGA
------------------------ELDERBERRY
--------------------------QUINCES
----------------------------GRAPH
--------------------------SESAME
----------------------------KIWI
----------------------------PINENUT
------------------------PINENUT
--------------------------GRAPH
----------------------------FIG
--------------------------MELON
----------------------------ORANGE
----------------------------QUINCES
--------------HONEYDEW
----------------ELDERBERRY
------------------KIWI
--------------------ELDERBERRY
----------------------ORANGE
------------------------LEMON
--------------------------LEMON
----------------------------IRISH
------------------------YAM
--------------------------KIWI
----------------------------BANANA
--------------------------SESAME
----------------------------APPLE
----------------------------UGLI
----------------------TANGERINE
------------------------VOAVANGA
--------------------------KIWI
----------------------------MELON
--------------------TANGERINE
----------------------KIWI
------------------------YAM
--------------------------BANANA
----------------------------KIWI
--------------------------ELDERBERRY
----------------------------MELON
----------------------------NECTARINE
----------------------TANGERINE
------------------------IRISH
--------------------------GRAPH
----------------------------ZUCCHINI
--------------------------HONEYDEW
----------------------------ELDERBERRY
----------------------------LEMON
------------------------WATERMELON
--------------------------KIWI
----------------------------WATERMELON
----------------------------YAM
--------------------------QUINCES
----------------------------APPLE
------------------LEMON
--------------------DURIAN
----------------------YAM
------------------------ELDERBERRY
--------------------------SESAME
----------------------------PINENUT
--------------------ZUCCHINI
----------------------UGLI
------------------------CHERRY
--------------------------LEMON
----------------------------FIG
------------------------PINENUT
--------------------------DURIAN
----------------------------FIG
--------------------------HONEYDEW
----------------------------MELON
----------------HONEYDEW
------------------GRAPH
--------------------DURIAN
----------------------TANGERINE
------------------------HONEYDEW
--------------------------HONEYDEW
----------------------------NECTARINE
----------------------------QUINCES
--------------------------LEMON
----------------------------QUINCES
----------------------------VOAVANGA
------------------------SESAME
--------------------------BANANA
----------------------------KIWI
----------------------ZUCCHINI
------------------------LEMON
--------------------------VOAVANGA
----------------------------LEMON
----------------------------VOAVANGA
------------------------YAM
--------------------------SESAME
----------------------------DURIAN
------FIG
--------NECTARINE
----------BANANA
------------IRISH
--------------ZUCCHINI
----------------BANANA
------------------BANANA
--------------------LEMON
----------------------TANGERINE
------------------------HONEYDEW
--------------------------SESAME
----------------------------FIG
----------------------------RADISH
------------------------LEMON
--------------------------SESAME
----------------------------UGLI
----------------------------ZUCCHINI
--------------------UGLI
----------------------APPLE
------------------------APPLE
--------------------------RADISH
----------------------------ELDERBERRY
------------------------YAM
--------------------------ELDERBERRY
----------------------------QUINCES
------------------CHERRY
--------------------YAM
----------------------APPLE
------------------------IRISH
--------------------------IRISH
----------------------------QUINCES
----------------------------VOAVANGA
--------------------------PINENUT
----------------------------ELDERBERRY
----------------------------VOAVANGA
----------------------SESAME
------------------------QUINCES
--------------------------KIWI
----------------------------APPLE
----------------------------DURIAN